[debug] [2022-03-16T19:44:07.114Z] ----------------------------------------------------------------------
[debug] [2022-03-16T19:44:07.116Z] Command:       /usr/local/bin/node /usr/local/bin/firebase emulators:start
[debug] [2022-03-16T19:44:07.116Z] CLI Version:   10.3.0
[debug] [2022-03-16T19:44:07.116Z] Platform:      darwin
[debug] [2022-03-16T19:44:07.116Z] Node Version:  v16.14.0
[debug] [2022-03-16T19:44:07.117Z] Time:          Thu Mar 17 2022 01:14:07 GMT+0530 (India Standard Time)
[debug] [2022-03-16T19:44:07.118Z] ----------------------------------------------------------------------
[debug] 
[debug] [2022-03-16T19:44:07.173Z] > command requires scopes: ["email","openid","https://www.googleapis.com/auth/cloudplatformprojects.readonly","https://www.googleapis.com/auth/firebase","https://www.googleapis.com/auth/cloud-platform"]
[debug] [2022-03-16T19:44:07.173Z] > authorizing via signed-in user (technorapper@gmail.com)
[info] i  emulators: Starting emulators: functions, firestore {"metadata":{"emulator":{"name":"hub"},"message":"Starting emulators: functions, firestore"}}
[debug] [2022-03-16T19:44:07.197Z] [hub] writing locator at /var/folders/vk/28shpjdn0fz564svsjlbnnn40000gn/T/hub-healthscore-4fcdf.json
[warn] ⚠  functions: The following emulators are not running, calls to these services from the Functions emulator will affect production: auth, database, hosting, pubsub, storage {"metadata":{"emulator":{"name":"functions"},"message":"The following emulators are not running, calls to these services from the Functions emulator will affect production: \u001b[1mauth, database, hosting, pubsub, storage\u001b[22m"}}
[info] ✔  functions: Using node@16 from host. {"metadata":{"emulator":{"name":"functions"},"message":"Using node@16 from host."}}
[debug] [2022-03-16T19:44:07.327Z] defaultcredentials: writing to file /Users/admin/.config/firebase/technorapper_gmail_com_application_default_credentials.json
[debug] [2022-03-16T19:44:07.330Z] Setting GAC to /Users/admin/.config/firebase/technorapper_gmail_com_application_default_credentials.json {"metadata":{"emulator":{"name":"functions"},"message":"Setting GAC to /Users/admin/.config/firebase/technorapper_gmail_com_application_default_credentials.json"}}
[debug] [2022-03-16T19:44:07.332Z] > refreshing access token with scopes: []
[debug] [2022-03-16T19:44:07.332Z] >>> HTTP REQUEST POST https://www.googleapis.com/oauth2/v3/token  
 <request body omitted>
[debug] [2022-03-16T19:44:07.651Z] <<< HTTP RESPONSE 200 {"expires":"Mon, 01 Jan 1990 00:00:00 GMT","date":"Wed, 16 Mar 2022 19:44:07 GMT","pragma":"no-cache","cache-control":"no-cache, no-store, max-age=0, must-revalidate","content-type":"application/json; charset=utf-8","vary":"X-Origin, Referer, Origin,Accept-Encoding","server":"scaffolding on HTTPServer2","x-xss-protection":"0","x-frame-options":"SAMEORIGIN","x-content-type-options":"nosniff","alt-svc":"h3=\":443\"; ma=2592000,h3-29=\":443\"; ma=2592000,h3-Q050=\":443\"; ma=2592000,h3-Q046=\":443\"; ma=2592000,h3-Q043=\":443\"; ma=2592000,quic=\":443\"; ma=2592000; v=\"46,43\"","accept-ranges":"none","transfer-encoding":"chunked"}
[debug] [2022-03-16T19:44:07.709Z] >>> [apiv2][query] GET https://firebase.googleapis.com/v1beta1/projects/healthscore-4fcdf/adminSdkConfig [none]
[debug] [2022-03-16T19:44:08.487Z] <<< [apiv2][status] GET https://firebase.googleapis.com/v1beta1/projects/healthscore-4fcdf/adminSdkConfig 200
[debug] [2022-03-16T19:44:08.487Z] <<< [apiv2][body] GET https://firebase.googleapis.com/v1beta1/projects/healthscore-4fcdf/adminSdkConfig {"projectId":"healthscore-4fcdf","databaseURL":"https://healthscore-4fcdf-default-rtdb.firebaseio.com","storageBucket":"healthscore-4fcdf.appspot.com","locationId":"asia-northeast2"}
[debug] [2022-03-16T19:44:08.521Z] Ignoring unsupported arg: projectId {"metadata":{"emulator":{"name":"firestore"},"message":"Ignoring unsupported arg: projectId"}}
[debug] [2022-03-16T19:44:08.521Z] Ignoring unsupported arg: auto_download {"metadata":{"emulator":{"name":"firestore"},"message":"Ignoring unsupported arg: auto_download"}}
[debug] [2022-03-16T19:44:08.522Z] Starting Firestore Emulator with command {"binary":"java","args":["-Dgoogle.cloud_firestore.debug_log_level=FINE","-Duser.language=en","-jar","/Users/admin/.cache/firebase/emulators/cloud-firestore-emulator-v1.13.1.jar","--host","localhost","--port",8080,"--rules","/Users/admin/firestore.rules","--functions_emulator","localhost:5001"],"optionalArgs":["port","webchannel_port","host","rules","functions_emulator","seed_from_export"],"joinArgs":false} {"metadata":{"emulator":{"name":"firestore"},"message":"Starting Firestore Emulator with command {\"binary\":\"java\",\"args\":[\"-Dgoogle.cloud_firestore.debug_log_level=FINE\",\"-Duser.language=en\",\"-jar\",\"/Users/admin/.cache/firebase/emulators/cloud-firestore-emulator-v1.13.1.jar\",\"--host\",\"localhost\",\"--port\",8080,\"--rules\",\"/Users/admin/firestore.rules\",\"--functions_emulator\",\"localhost:5001\"],\"optionalArgs\":[\"port\",\"webchannel_port\",\"host\",\"rules\",\"functions_emulator\",\"seed_from_export\"],\"joinArgs\":false}"}}
[info] i  firestore: Firestore Emulator logging to firestore-debug.log {"metadata":{"emulator":{"name":"firestore"},"message":"Firestore Emulator logging to \u001b[1mfirestore-debug.log\u001b[22m"}}
[debug] [2022-03-16T19:44:09.680Z] Mar 17, 2022 1:14:09 AM com.google.cloud.datastore.emulator.firestore.websocket.WebSocketServer start
INFO: Started WebSocket server on ws://localhost:60797
 {"metadata":{"emulator":{"name":"firestore"},"message":"Mar 17, 2022 1:14:09 AM com.google.cloud.datastore.emulator.firestore.websocket.WebSocketServer start\nINFO: Started WebSocket server on ws://localhost:60797\n"}}
[debug] [2022-03-16T19:44:09.702Z] API endpoint: http://localhost: {"metadata":{"emulator":{"name":"firestore"},"message":"API endpoint: http://localhost:"}}
[debug] [2022-03-16T19:44:09.702Z] 8080
If you are using a library that supports the FIRESTORE_EMULATOR_HOST environment variable, run:

   export FIRESTORE_EMULATOR_HOST=localhost:8080

Dev App Server is now running.

 {"metadata":{"emulator":{"name":"firestore"},"message":"8080\nIf you are using a library that supports the FIRESTORE_EMULATOR_HOST environment variable, run:\n\n   export FIRESTORE_EMULATOR_HOST=localhost:8080\n\nDev App Server is now running.\n\n"}}
[warn] ⚠  ui: Emulator UI unable to start on port 4000, starting on 4016 instead. {"metadata":{"emulator":{"name":"ui"},"message":"Emulator UI unable to start on port 4000, starting on 4016 instead."}}
[debug] [2022-03-16T19:44:09.826Z] Ignoring unsupported arg: auto_download {"metadata":{"emulator":{"name":"ui"},"message":"Ignoring unsupported arg: auto_download"}}
[debug] [2022-03-16T19:44:09.826Z] Ignoring unsupported arg: port {"metadata":{"emulator":{"name":"ui"},"message":"Ignoring unsupported arg: port"}}
[debug] [2022-03-16T19:44:09.826Z] Starting Emulator UI with command {"binary":"node","args":["/Users/admin/.cache/firebase/emulators/ui-v1.6.5/server.bundle.js"],"optionalArgs":[],"joinArgs":false} {"metadata":{"emulator":{"name":"ui"},"message":"Starting Emulator UI with command {\"binary\":\"node\",\"args\":[\"/Users/admin/.cache/firebase/emulators/ui-v1.6.5/server.bundle.js\"],\"optionalArgs\":[],\"joinArgs\":false}"}}
[info] i  ui: Emulator UI logging to ui-debug.log {"metadata":{"emulator":{"name":"ui"},"message":"Emulator UI logging to \u001b[1mui-debug.log\u001b[22m"}}
[debug] [2022-03-16T19:44:09.924Z] Web / API server started at localhost:4016
 {"metadata":{"emulator":{"name":"ui"},"message":"Web / API server started at localhost:4016\n"}}
[info] i  functions: Watching "/Users/admin/functions" for Cloud Functions... {"metadata":{"emulator":{"name":"functions"},"message":"Watching \"/Users/admin/functions\" for Cloud Functions..."}}
[debug] [2022-03-16T19:44:10.095Z] Validating nodejs source
[warn] ⚠  functions: package.json indicates an outdated version of firebase-functions. Please upgrade using npm install --save firebase-functions@latest in your functions directory. 
[debug] [2022-03-16T19:44:11.544Z] > [functions] package.json contents: {
  "name": "functions",
  "description": "Cloud Functions for Firebase",
  "scripts": {
    "lint": "eslint .",
    "serve": "firebase emulators:start --only functions",
    "shell": "firebase functions:shell",
    "start": "npm run shell",
    "deploy": "firebase deploy --only functions",
    "logs": "firebase functions:log"
  },
  "engines": {
    "node": "16"
  },
  "main": "index.js",
  "dependencies": {
    "firebase": "^9.6.8",
    "firebase-admin": "^10.0.2",
    "firebase-functions": "^3.18.0",
    "firebase-auth": "~0.1.2"
  },
  "devDependencies": {
    "@babel/helper-compilation-targets": "^7.17.7",
    "eslint": "^8.9.0",
    "eslint-config-google": "^0.14.0",
    "firebase-functions-test": "^0.2.0"
  },
  "private": true
}
[debug] [2022-03-16T19:44:11.545Z] Building nodejs source
[debug] [2022-03-16T19:44:11.545Z] Analyzing nodejs backend spec
[info] ✔  functions[us-central1-addusers]: http function initialized (http://localhost:5001/healthscore-4fcdf/us-central1/addusers). {"metadata":{"emulator":{"name":"functions"},"message":"\u001b[1mhttp\u001b[22m function initialized (http://localhost:5001/healthscore-4fcdf/us-central1/addusers)."}}
[info] ✔  functions[us-central1-generateToken]: http function initialized (http://localhost:5001/healthscore-4fcdf/us-central1/generateToken). {"metadata":{"emulator":{"name":"functions"},"message":"\u001b[1mhttp\u001b[22m function initialized (http://localhost:5001/healthscore-4fcdf/us-central1/generateToken)."}}
[info] ✔  functions[us-central1-getAllUsers]: http function initialized (http://localhost:5001/healthscore-4fcdf/us-central1/getAllUsers). {"metadata":{"emulator":{"name":"functions"},"message":"\u001b[1mhttp\u001b[22m function initialized (http://localhost:5001/healthscore-4fcdf/us-central1/getAllUsers)."}}
[debug] [2022-03-16T19:44:11.829Z] addFirestoreTrigger "{\"eventTrigger\":{\"eventType\":\"providers/cloud.firestore/eventTypes/document.create\",\"resource\":\"projects/healthscore-4fcdf/databases/(default)/documents/messages/{documentId}\",\"service\":\"firestore.googleapis.com\"}}"
[debug] [2022-03-16T19:44:11.829Z] >>> HTTP REQUEST PUT http://localhost:8080/emulator/v1/projects/healthscore-4fcdf/triggers/us-central1-makeUppercase-0  
 {"eventTrigger":{"eventType":"providers/cloud.firestore/eventTypes/document.create","resource":"projects/healthscore-4fcdf/databases/(default)/documents/messages/{documentId}","service":"firestore.googleapis.com"}}
[debug] [2022-03-16T19:44:11.843Z] Mar 17, 2022 1:14:11 AM io.gapi.emulators.netty.HttpVersionRoutingHandler channelRead
INFO: Detected non-HTTP/2 connection.
 {"metadata":{"emulator":{"name":"firestore"},"message":"Mar 17, 2022 1:14:11 AM io.gapi.emulators.netty.HttpVersionRoutingHandler channelRead\nINFO: Detected non-HTTP/2 connection.\n"}}
[debug] [2022-03-16T19:44:11.997Z] Mar 17, 2022 1:14:11 AM io.gapi.emulators.netty.HttpVersionRoutingHandler channelRead
INFO: Detected HTTP/2 connection.
 {"metadata":{"emulator":{"name":"firestore"},"message":"Mar 17, 2022 1:14:11 AM io.gapi.emulators.netty.HttpVersionRoutingHandler channelRead\nINFO: Detected HTTP/2 connection.\n"}}
[debug] [2022-03-16T19:44:12.490Z] <<< HTTP RESPONSE 200 {"content-type":"application/json","content-length":"4"}
[info] ✔  functions[us-central1-makeUppercase]: firestore function initialized. {"metadata":{"emulator":{"name":"functions"},"message":"\u001b[1mfirestore\u001b[22m function initialized."}}
[info] 
┌─────────────────────────────────────────────────────────────┐
│ ✔  All emulators ready! It is now safe to connect your app. │
│ i  View Emulator UI at http://localhost:4016                │
└─────────────────────────────────────────────────────────────┘

┌───────────┬────────────────┬─────────────────────────────────┐
│ Emulator  │ Host:Port      │ View in Emulator UI             │
├───────────┼────────────────┼─────────────────────────────────┤
│ Functions │ localhost:5001 │ http://localhost:4016/functions │
├───────────┼────────────────┼─────────────────────────────────┤
│ Firestore │ localhost:8080 │ http://localhost:4016/firestore │
└───────────┴────────────────┴─────────────────────────────────┘
  Emulator Hub running at localhost:4400
  Other reserved ports: 4500

Issues? Report them at https://github.com/firebase/firebase-tools/issues and attach the *-debug.log files.
 
[debug] [2022-03-16T19:44:17.382Z] [work-queue] {"queueLength":1,"workRunningCount":0}
[debug] [2022-03-16T19:44:17.382Z] [work-queue] {"queueLength":0,"workRunningCount":1}
[debug] [2022-03-16T19:44:17.382Z] Accepted request POST /healthscore-4fcdf/us-central1/generateToken?useremail=test@test.ciommmm&profession=testPrommmm&userDOB=userDOBmmmm&userID=testIDmmm&userLocation=testLocammm&userName=testingmmm&token=eyJhbGciOiJSUzI1NiIsImtpZCI6ImYxZDU2YTI1MWU0ZGRhM2Y0NWM0MWZkNWQ0ZGEwMWQyYjlkNzJlMGQiLCJ0eXAiOiJKV1QifQ.eyJpc3MiOiJodHRwczovL3NlY3VyZXRva2VuLmdvb2dsZS5jb20vaGVhbHRoc2NvcmUtNGZjZGYiLCJhdWQiOiJoZWFsdGhzY29yZS00ZmNkZiIsImF1dGhfdGltZSI6MTY0NzQ1MDQ4MSwidXNlcl9pZCI6ImhRM3RkeUZmUldkU1JVRDNqU1RtUG82SnBIdTEiLCJzdWIiOiJoUTN0ZHlGZlJXZFNSVUQzalNUbVBvNkpwSHUxIiwiaWF0IjoxNjQ3NDUwNDg2LCJleHAiOjE2NDc0NTQwODYsInBob25lX251bWJlciI6Iis5MTkwNDE0MjI2NTIiLCJmaXJlYmFzZSI6eyJpZGVudGl0aWVzIjp7InBob25lIjpbIis5MTkwNDE0MjI2NTIiXX0sInNpZ25faW5fcHJvdmlkZXIiOiJwaG9uZSJ9fQ.IKcQAGYXxmVe5ajDDeifSDxb4dz4kgp8h5h56FWzi8d-03dYlI3BRyxQr_RbuOLJn6N6j2wZOK0AAn9MYU15tzIC6lDKKVEareHODoUvqGNQZXU97Z3nwzP9K0zdc3LSbKdyj0-o6voH1DvOVJkZIN998XnMVhHuoid--cEUgPCWU3yEdaCEABsIyPZPk53qgATqpVtafIZVC4YYRKhSRO5dYQQHGvP3D3JYcl6KNzI7si0oGT9j0C529XR4u1smmtiQOxDrEhTEm8vVlU6-StJ8cNHsWlVtvw_9UBBAytLzv3bH2x9_FbQfHv4CTTDRhoB4oTjcxARLZfx-Ftdn_A&uid=hQ3tdyFfRWdSRUD3jSTmPo6JpHu1 --> us-central1-generateToken
[debug] [2022-03-16T19:44:17.390Z] [worker-pool] addWorker(us-central1-generateToken) {"metadata":{"emulator":{"name":"functions"},"message":"[worker-pool] addWorker(us-central1-generateToken)"}}
[debug] [2022-03-16T19:44:17.391Z] [worker-pool] Adding worker with key us-central1-generateToken, total=1 {"metadata":{"emulator":{"name":"functions"},"message":"[worker-pool] Adding worker with key us-central1-generateToken, total=1"}}
[debug] [2022-03-16T19:44:17.391Z] [worker-pool] submitWork(triggerId=us-central1-generateToken) {"metadata":{"emulator":{"name":"functions"},"message":"[worker-pool] submitWork(triggerId=us-central1-generateToken)"}}
[debug] [2022-03-16T19:44:17.392Z] [worker-us-central1-generateToken-c3ef5c27-2bfa-4db1-bbb6-bc08c5cbe73f]: Assigning socketPath: /var/folders/vk/28shpjdn0fz564svsjlbnnn40000gn/T/fire_emu_12942.sock {"metadata":{"emulator":{"name":"functions"},"message":"[worker-us-central1-generateToken-c3ef5c27-2bfa-4db1-bbb6-bc08c5cbe73f]: Assigning socketPath: /var/folders/vk/28shpjdn0fz564svsjlbnnn40000gn/T/fire_emu_12942.sock"}}
[debug] [2022-03-16T19:44:17.392Z] [worker-us-central1-generateToken-c3ef5c27-2bfa-4db1-bbb6-bc08c5cbe73f]: BUSY {"metadata":{"emulator":{"name":"functions"},"message":"[worker-us-central1-generateToken-c3ef5c27-2bfa-4db1-bbb6-bc08c5cbe73f]: BUSY"}}
[debug] [2022-03-16T19:44:18.614Z] [runtime-status] [12942] Functions runtime initialized. {"cwd":"/Users/admin/functions","node_version":"16.14.0"} {"metadata":{"emulator":{"name":"functions"},"function":{"name":"us-central1-generateToken"},"extension":{},"message":"[runtime-status] [12942] Functions runtime initialized. {\"cwd\":\"/Users/admin/functions\",\"node_version\":\"16.14.0\"}"}}
[debug] [2022-03-16T19:44:18.615Z] [runtime-status] [12942] Disabled runtime features: undefined {"metadata":{"emulator":{"name":"functions"},"function":{"name":"us-central1-generateToken"},"extension":{},"message":"[runtime-status] [12942] Disabled runtime features: undefined"}}
[debug] [2022-03-16T19:44:18.616Z] [runtime-status] [12942] Resolved module firebase-admin {"declared":true,"installed":true,"version":"10.0.2","resolution":"/Users/admin/functions/node_modules/firebase-admin/lib/index.js"} {"metadata":{"emulator":{"name":"functions"},"function":{"name":"us-central1-generateToken"},"extension":{},"message":"[runtime-status] [12942] Resolved module firebase-admin {\"declared\":true,\"installed\":true,\"version\":\"10.0.2\",\"resolution\":\"/Users/admin/functions/node_modules/firebase-admin/lib/index.js\"}"}}
[debug] [2022-03-16T19:44:18.618Z] [runtime-status] [12942] Resolved module firebase-functions {"declared":true,"installed":true,"version":"3.18.1","resolution":"/Users/admin/functions/node_modules/firebase-functions/lib/index.js"} {"metadata":{"emulator":{"name":"functions"},"function":{"name":"us-central1-generateToken"},"extension":{},"message":"[runtime-status] [12942] Resolved module firebase-functions {\"declared\":true,\"installed\":true,\"version\":\"3.18.1\",\"resolution\":\"/Users/admin/functions/node_modules/firebase-functions/lib/index.js\"}"}}
[debug] [2022-03-16T19:44:18.618Z] [runtime-status] [12942] Outgoing network have been stubbed. [{"name":"http","status":"mocked"},{"name":"http","status":"mocked"},{"name":"https","status":"mocked"},{"name":"https","status":"mocked"},{"name":"net","status":"mocked"}] {"metadata":{"emulator":{"name":"functions"},"function":{"name":"us-central1-generateToken"},"extension":{},"message":"[runtime-status] [12942] Outgoing network have been stubbed. [{\"name\":\"http\",\"status\":\"mocked\"},{\"name\":\"http\",\"status\":\"mocked\"},{\"name\":\"https\",\"status\":\"mocked\"},{\"name\":\"https\",\"status\":\"mocked\"},{\"name\":\"net\",\"status\":\"mocked\"}]"}}
[debug] [2022-03-16T19:44:18.618Z] [runtime-status] [12942] Resolved module firebase-functions {"declared":true,"installed":true,"version":"3.18.1","resolution":"/Users/admin/functions/node_modules/firebase-functions/lib/index.js"} {"metadata":{"emulator":{"name":"functions"},"function":{"name":"us-central1-generateToken"},"extension":{},"message":"[runtime-status] [12942] Resolved module firebase-functions {\"declared\":true,\"installed\":true,\"version\":\"3.18.1\",\"resolution\":\"/Users/admin/functions/node_modules/firebase-functions/lib/index.js\"}"}}
[debug] [2022-03-16T19:44:18.678Z] [runtime-status] [12942] Checked functions.config() {"config":{}} {"metadata":{"emulator":{"name":"functions"},"function":{"name":"us-central1-generateToken"},"extension":{},"message":"[runtime-status] [12942] Checked functions.config() {\"config\":{}}"}}
[debug] [2022-03-16T19:44:18.679Z] [runtime-status] [12942] firebase-functions has been stubbed. {"functionsResolution":{"declared":true,"installed":true,"version":"3.18.1","resolution":"/Users/admin/functions/node_modules/firebase-functions/lib/index.js"}} {"metadata":{"emulator":{"name":"functions"},"function":{"name":"us-central1-generateToken"},"extension":{},"message":"[runtime-status] [12942] firebase-functions has been stubbed. {\"functionsResolution\":{\"declared\":true,\"installed\":true,\"version\":\"3.18.1\",\"resolution\":\"/Users/admin/functions/node_modules/firebase-functions/lib/index.js\"}}"}}
[debug] [2022-03-16T19:44:18.679Z] [runtime-status] [12942] Resolved module firebase-functions {"declared":true,"installed":true,"version":"3.18.1","resolution":"/Users/admin/functions/node_modules/firebase-functions/lib/index.js"} {"metadata":{"emulator":{"name":"functions"},"function":{"name":"us-central1-generateToken"},"extension":{},"message":"[runtime-status] [12942] Resolved module firebase-functions {\"declared\":true,\"installed\":true,\"version\":\"3.18.1\",\"resolution\":\"/Users/admin/functions/node_modules/firebase-functions/lib/index.js\"}"}}
[debug] [2022-03-16T19:44:18.680Z] [runtime-status] [12942] Resolved module firebase-admin {"declared":true,"installed":true,"version":"10.0.2","resolution":"/Users/admin/functions/node_modules/firebase-admin/lib/index.js"} {"metadata":{"emulator":{"name":"functions"},"function":{"name":"us-central1-generateToken"},"extension":{},"message":"[runtime-status] [12942] Resolved module firebase-admin {\"declared\":true,\"installed\":true,\"version\":\"10.0.2\",\"resolution\":\"/Users/admin/functions/node_modules/firebase-admin/lib/index.js\"}"}}
[debug] [2022-03-16T19:44:18.680Z] [runtime-status] [12942] Resolved module firebase-functions {"declared":true,"installed":true,"version":"3.18.1","resolution":"/Users/admin/functions/node_modules/firebase-functions/lib/index.js"} {"metadata":{"emulator":{"name":"functions"},"function":{"name":"us-central1-generateToken"},"extension":{},"message":"[runtime-status] [12942] Resolved module firebase-functions {\"declared\":true,\"installed\":true,\"version\":\"3.18.1\",\"resolution\":\"/Users/admin/functions/node_modules/firebase-functions/lib/index.js\"}"}}
[debug] [2022-03-16T19:44:18.681Z] [runtime-status] [12942] firebase-admin has been stubbed. {"adminResolution":{"declared":true,"installed":true,"version":"10.0.2","resolution":"/Users/admin/functions/node_modules/firebase-admin/lib/index.js"}} {"metadata":{"emulator":{"name":"functions"},"function":{"name":"us-central1-generateToken"},"extension":{},"message":"[runtime-status] [12942] firebase-admin has been stubbed. {\"adminResolution\":{\"declared\":true,\"installed\":true,\"version\":\"10.0.2\",\"resolution\":\"/Users/admin/functions/node_modules/firebase-admin/lib/index.js\"}}"}}
[debug] [2022-03-16T19:44:18.779Z] [runtime-status] [12942] initializeApp(DEFAULT) {"credential":{"implicit":false,"projectId":"healthscore-4fcdf","privateKey":"-----BEGIN PRIVATE KEY-----\nMIIEvAIBADANBgkqhkiG9w0BAQEFAASCBKYwggSiAgEAAoIBAQCbmCLe4h0pWHdY\nj+4yeYyNHiqOiCYi5y0Mx4bgDLVHrO5kYMvprXbIkSg1cr25ccUuKPXxbo6u8qPU\ngPGU7L9M/NTFNT56MAUzkn71JdQBcaU//X0efnNLsdqn6TP4t+5Kqgln+bzVXFP8\n74SnK4YZBzddCfiQ4tdUCE/caakHgGisEilKOEh/ts5jvimqHvAXt/AIlFgRAyRm\nJN9IRW7BlbmoCu/6duTHzLGe7UjKWG4XjSZ5rFrRcALqrWMjo4ttXalER7doIs0G\nhwfMQh0vI9TRzoBDN+B0sad9JV4H+xYcfUjTSvbYDFpOJfxVQ84b4qaeOKEawVvJ\nDkdCjTc5AgMBAAECggEAF0fmP885acxQ3zF6BJdnTl4rI/R/ME3C0dyw86kzHqxj\nZyWMnURVN6FwkL7AYJUDWerLEfrm4opvtQYuH4hk/1H9TByxYnr47ESJNokYdbbZ\ncP+uzvdArRzJiMI+AoMS5p0WlzYo6QvNjVURVioPAIOx5vvs81DdwzcTK/mrTvHN\n2WfC0zR3czX0OeSZKW1cGA+uOyBEjhMMVVQx/qzJcnRKfmaVX2i/Wk3QUkpNq5w/\nDU4kYS52fp+VeCHGyFBIuvLbIRsiY8lutFRW6pwOQWbpUvAeEVkiGXfmctFDMuYi\nLOoWubqD0N2HMmpXPgsk0VZVJQm8VDrFnlaykxf7WQKBgQDV3J0OjcZm+eQ45mUB\n22JzHzRvNGGphQa3GGzD++/CNBQYcaKJJRf0AO+iaJQgB02berFnmZfYGmKjYQRE\nrxDbFcTZKa7qCdtENzhK6Fr0lB368sRULEr7ndyQ5QGdzoEufANPEZ3MUDA6CNSH\n3uQpivJ47W2qF9/JQqOZ8T6PvwKBgQC6QHTWXToZtlgODaSuGTsDOa5qJb3WbbaA\n0kYkudtjXrr8q+k3h1ySMRYcoNiqCxkp+gb8c7dfBndPkWhnPOLcU1OGOT0ugzLY\nY3Xq0BbBFNt8x475xS5HZsiPL/t+iVPC5ND4xO73YNJcUS6+BTfVh4KEzFaZSjo7\n3/QhPFr3BwKBgBOgARGa1QASIm1ORyqadThXPrqNtgCWYn1e0mxRrDjICqgLlXy8\nWKxdgaAHtMATq31/DtSQ9awxD6gqePfMkOFp5/x9pL15VhO2dYX6OI6FIRMsP/Px\ndJgObnUlbraKgrQ/URZqaW6cVTCeKtKlE470XzfVoeCf/Ds90EGKL9GFAoGAQBpH\nHDBh+s+DZvLTJwiQAwArQ2VR/SctlRDKC4HcPEsyWBxi3DW+aqJyVdAWQhAnzQa8\nuM6q4g27qqsFH+MYwXP8X0n8ALIvIcK5puOPsUyYbk3Qq65tyy1ZAc8l49sn9QAD\n3FsLVCECxbs7NzNckCVfio05kPC3MjxWLco0FKkCgYBvMnCvRsvAY9vUuVSj0yL4\nTAdMM5yUwpA1ppxfxDOWHyUC8myVEsCiwp6UYoAtXwNHaxDFM8EzWIcOHXVPZtFG\nIgD6wPdsdHLk5i1eyK3RGE9z/zZSs7jg9rlVYF+GXQodQzMEzYDsbVezooCwh2PN\nF3qgoYcKa4M2eg6sFfb4rA==\n-----END PRIVATE KEY-----\n","clientEmail":"firebase-adminsdk-qhmg3@healthscore-4fcdf.iam.gserviceaccount.com","httpClient":{"retry":{"maxRetries":4,"statusCodes":[503],"ioErrorCodes":["ECONNRESET","ETIMEDOUT"],"backOffFactor":0.5,"maxDelayInMillis":60000}}},"databaseURL":"https://healthscore-4fcdf-default-rtdb.firebaseio.com"} {"metadata":{"emulator":{"name":"functions"},"function":{"name":"us-central1-generateToken"},"extension":{},"message":"[runtime-status] [12942] initializeApp(DEFAULT) {\"credential\":{\"implicit\":false,\"projectId\":\"healthscore-4fcdf\",\"privateKey\":\"-----BEGIN PRIVATE KEY-----\\nMIIEvAIBADANBgkqhkiG9w0BAQEFAASCBKYwggSiAgEAAoIBAQCbmCLe4h0pWHdY\\nj+4yeYyNHiqOiCYi5y0Mx4bgDLVHrO5kYMvprXbIkSg1cr25ccUuKPXxbo6u8qPU\\ngPGU7L9M/NTFNT56MAUzkn71JdQBcaU//X0efnNLsdqn6TP4t+5Kqgln+bzVXFP8\\n74SnK4YZBzddCfiQ4tdUCE/caakHgGisEilKOEh/ts5jvimqHvAXt/AIlFgRAyRm\\nJN9IRW7BlbmoCu/6duTHzLGe7UjKWG4XjSZ5rFrRcALqrWMjo4ttXalER7doIs0G\\nhwfMQh0vI9TRzoBDN+B0sad9JV4H+xYcfUjTSvbYDFpOJfxVQ84b4qaeOKEawVvJ\\nDkdCjTc5AgMBAAECggEAF0fmP885acxQ3zF6BJdnTl4rI/R/ME3C0dyw86kzHqxj\\nZyWMnURVN6FwkL7AYJUDWerLEfrm4opvtQYuH4hk/1H9TByxYnr47ESJNokYdbbZ\\ncP+uzvdArRzJiMI+AoMS5p0WlzYo6QvNjVURVioPAIOx5vvs81DdwzcTK/mrTvHN\\n2WfC0zR3czX0OeSZKW1cGA+uOyBEjhMMVVQx/qzJcnRKfmaVX2i/Wk3QUkpNq5w/\\nDU4kYS52fp+VeCHGyFBIuvLbIRsiY8lutFRW6pwOQWbpUvAeEVkiGXfmctFDMuYi\\nLOoWubqD0N2HMmpXPgsk0VZVJQm8VDrFnlaykxf7WQKBgQDV3J0OjcZm+eQ45mUB\\n22JzHzRvNGGphQa3GGzD++/CNBQYcaKJJRf0AO+iaJQgB02berFnmZfYGmKjYQRE\\nrxDbFcTZKa7qCdtENzhK6Fr0lB368sRULEr7ndyQ5QGdzoEufANPEZ3MUDA6CNSH\\n3uQpivJ47W2qF9/JQqOZ8T6PvwKBgQC6QHTWXToZtlgODaSuGTsDOa5qJb3WbbaA\\n0kYkudtjXrr8q+k3h1ySMRYcoNiqCxkp+gb8c7dfBndPkWhnPOLcU1OGOT0ugzLY\\nY3Xq0BbBFNt8x475xS5HZsiPL/t+iVPC5ND4xO73YNJcUS6+BTfVh4KEzFaZSjo7\\n3/QhPFr3BwKBgBOgARGa1QASIm1ORyqadThXPrqNtgCWYn1e0mxRrDjICqgLlXy8\\nWKxdgaAHtMATq31/DtSQ9awxD6gqePfMkOFp5/x9pL15VhO2dYX6OI6FIRMsP/Px\\ndJgObnUlbraKgrQ/URZqaW6cVTCeKtKlE470XzfVoeCf/Ds90EGKL9GFAoGAQBpH\\nHDBh+s+DZvLTJwiQAwArQ2VR/SctlRDKC4HcPEsyWBxi3DW+aqJyVdAWQhAnzQa8\\nuM6q4g27qqsFH+MYwXP8X0n8ALIvIcK5puOPsUyYbk3Qq65tyy1ZAc8l49sn9QAD\\n3FsLVCECxbs7NzNckCVfio05kPC3MjxWLco0FKkCgYBvMnCvRsvAY9vUuVSj0yL4\\nTAdMM5yUwpA1ppxfxDOWHyUC8myVEsCiwp6UYoAtXwNHaxDFM8EzWIcOHXVPZtFG\\nIgD6wPdsdHLk5i1eyK3RGE9z/zZSs7jg9rlVYF+GXQodQzMEzYDsbVezooCwh2PN\\nF3qgoYcKa4M2eg6sFfb4rA==\\n-----END PRIVATE KEY-----\\n\",\"clientEmail\":\"firebase-adminsdk-qhmg3@healthscore-4fcdf.iam.gserviceaccount.com\",\"httpClient\":{\"retry\":{\"maxRetries\":4,\"statusCodes\":[503],\"ioErrorCodes\":[\"ECONNRESET\",\"ETIMEDOUT\"],\"backOffFactor\":0.5,\"maxDelayInMillis\":60000}}},\"databaseURL\":\"https://healthscore-4fcdf-default-rtdb.firebaseio.com\"}"}}
[debug] [2022-03-16T19:44:18.780Z] [runtime-status] [12942] Beginning invocation function generateToken! {"metadata":{"emulator":{"name":"functions"},"function":{"name":"us-central1-generateToken"},"extension":{},"message":"[runtime-status] [12942] Beginning invocation function generateToken!"}}
[info] i  functions: Beginning execution of "generateToken" {"metadata":{"emulator":{"name":"functions"},"function":{"name":"us-central1-generateToken"},"extension":{},"message":"Beginning execution of \"generateToken\""}}
[debug] [2022-03-16T19:44:18.781Z] [runtime-status] [12942] Running generateToken in signature http {"metadata":{"emulator":{"name":"functions"},"function":{"name":"us-central1-generateToken"},"extension":{},"message":"[runtime-status] [12942] Running generateToken in signature http"}}
[debug] [2022-03-16T19:44:18.784Z] [runtime-status] [12942] Attempting to listen to socketPath: /var/folders/vk/28shpjdn0fz564svsjlbnnn40000gn/T/fire_emu_12942.sock {"metadata":{"emulator":{"name":"functions"},"function":{"name":"us-central1-generateToken"},"extension":{},"message":"[runtime-status] [12942] Attempting to listen to socketPath: /var/folders/vk/28shpjdn0fz564svsjlbnnn40000gn/T/fire_emu_12942.sock"}}
[debug] [2022-03-16T19:44:18.788Z] [functions] Runtime ready! Sending request! {"metadata":{"emulator":{"name":"functions"},"message":"[functions] Runtime ready! Sending request!"}}
[debug] [2022-03-16T19:44:18.789Z] [functions] Got req.url=/healthscore-4fcdf/us-central1/generateToken?useremail=test@test.ciommmm&profession=testPrommmm&userDOB=userDOBmmmm&userID=testIDmmm&userLocation=testLocammm&userName=testingmmm&token=eyJhbGciOiJSUzI1NiIsImtpZCI6ImYxZDU2YTI1MWU0ZGRhM2Y0NWM0MWZkNWQ0ZGEwMWQyYjlkNzJlMGQiLCJ0eXAiOiJKV1QifQ.eyJpc3MiOiJodHRwczovL3NlY3VyZXRva2VuLmdvb2dsZS5jb20vaGVhbHRoc2NvcmUtNGZjZGYiLCJhdWQiOiJoZWFsdGhzY29yZS00ZmNkZiIsImF1dGhfdGltZSI6MTY0NzQ1MDQ4MSwidXNlcl9pZCI6ImhRM3RkeUZmUldkU1JVRDNqU1RtUG82SnBIdTEiLCJzdWIiOiJoUTN0ZHlGZlJXZFNSVUQzalNUbVBvNkpwSHUxIiwiaWF0IjoxNjQ3NDUwNDg2LCJleHAiOjE2NDc0NTQwODYsInBob25lX251bWJlciI6Iis5MTkwNDE0MjI2NTIiLCJmaXJlYmFzZSI6eyJpZGVudGl0aWVzIjp7InBob25lIjpbIis5MTkwNDE0MjI2NTIiXX0sInNpZ25faW5fcHJvdmlkZXIiOiJwaG9uZSJ9fQ.IKcQAGYXxmVe5ajDDeifSDxb4dz4kgp8h5h56FWzi8d-03dYlI3BRyxQr_RbuOLJn6N6j2wZOK0AAn9MYU15tzIC6lDKKVEareHODoUvqGNQZXU97Z3nwzP9K0zdc3LSbKdyj0-o6voH1DvOVJkZIN998XnMVhHuoid--cEUgPCWU3yEdaCEABsIyPZPk53qgATqpVtafIZVC4YYRKhSRO5dYQQHGvP3D3JYcl6KNzI7si0oGT9j0C529XR4u1smmtiQOxDrEhTEm8vVlU6-StJ8cNHsWlVtvw_9UBBAytLzv3bH2x9_FbQfHv4CTTDRhoB4oTjcxARLZfx-Ftdn_A&uid=hQ3tdyFfRWdSRUD3jSTmPo6JpHu1, mapping to path=/?useremail=test@test.ciommmm&profession=testPrommmm&userDOB=userDOBmmmm&userID=testIDmmm&userLocation=testLocammm&userName=testingmmm&token=eyJhbGciOiJSUzI1NiIsImtpZCI6ImYxZDU2YTI1MWU0ZGRhM2Y0NWM0MWZkNWQ0ZGEwMWQyYjlkNzJlMGQiLCJ0eXAiOiJKV1QifQ.eyJpc3MiOiJodHRwczovL3NlY3VyZXRva2VuLmdvb2dsZS5jb20vaGVhbHRoc2NvcmUtNGZjZGYiLCJhdWQiOiJoZWFsdGhzY29yZS00ZmNkZiIsImF1dGhfdGltZSI6MTY0NzQ1MDQ4MSwidXNlcl9pZCI6ImhRM3RkeUZmUldkU1JVRDNqU1RtUG82SnBIdTEiLCJzdWIiOiJoUTN0ZHlGZlJXZFNSVUQzalNUbVBvNkpwSHUxIiwiaWF0IjoxNjQ3NDUwNDg2LCJleHAiOjE2NDc0NTQwODYsInBob25lX251bWJlciI6Iis5MTkwNDE0MjI2NTIiLCJmaXJlYmFzZSI6eyJpZGVudGl0aWVzIjp7InBob25lIjpbIis5MTkwNDE0MjI2NTIiXX0sInNpZ25faW5fcHJvdmlkZXIiOiJwaG9uZSJ9fQ.IKcQAGYXxmVe5ajDDeifSDxb4dz4kgp8h5h56FWzi8d-03dYlI3BRyxQr_RbuOLJn6N6j2wZOK0AAn9MYU15tzIC6lDKKVEareHODoUvqGNQZXU97Z3nwzP9K0zdc3LSbKdyj0-o6voH1DvOVJkZIN998XnMVhHuoid--cEUgPCWU3yEdaCEABsIyPZPk53qgATqpVtafIZVC4YYRKhSRO5dYQQHGvP3D3JYcl6KNzI7si0oGT9j0C529XR4u1smmtiQOxDrEhTEm8vVlU6-StJ8cNHsWlVtvw_9UBBAytLzv3bH2x9_FbQfHv4CTTDRhoB4oTjcxARLZfx-Ftdn_A&uid=hQ3tdyFfRWdSRUD3jSTmPo6JpHu1 {"metadata":{"emulator":{"name":"functions"},"message":"[functions] Got req.url=/healthscore-4fcdf/us-central1/generateToken?useremail=test@test.ciommmm&profession=testPrommmm&userDOB=userDOBmmmm&userID=testIDmmm&userLocation=testLocammm&userName=testingmmm&token=eyJhbGciOiJSUzI1NiIsImtpZCI6ImYxZDU2YTI1MWU0ZGRhM2Y0NWM0MWZkNWQ0ZGEwMWQyYjlkNzJlMGQiLCJ0eXAiOiJKV1QifQ.eyJpc3MiOiJodHRwczovL3NlY3VyZXRva2VuLmdvb2dsZS5jb20vaGVhbHRoc2NvcmUtNGZjZGYiLCJhdWQiOiJoZWFsdGhzY29yZS00ZmNkZiIsImF1dGhfdGltZSI6MTY0NzQ1MDQ4MSwidXNlcl9pZCI6ImhRM3RkeUZmUldkU1JVRDNqU1RtUG82SnBIdTEiLCJzdWIiOiJoUTN0ZHlGZlJXZFNSVUQzalNUbVBvNkpwSHUxIiwiaWF0IjoxNjQ3NDUwNDg2LCJleHAiOjE2NDc0NTQwODYsInBob25lX251bWJlciI6Iis5MTkwNDE0MjI2NTIiLCJmaXJlYmFzZSI6eyJpZGVudGl0aWVzIjp7InBob25lIjpbIis5MTkwNDE0MjI2NTIiXX0sInNpZ25faW5fcHJvdmlkZXIiOiJwaG9uZSJ9fQ.IKcQAGYXxmVe5ajDDeifSDxb4dz4kgp8h5h56FWzi8d-03dYlI3BRyxQr_RbuOLJn6N6j2wZOK0AAn9MYU15tzIC6lDKKVEareHODoUvqGNQZXU97Z3nwzP9K0zdc3LSbKdyj0-o6voH1DvOVJkZIN998XnMVhHuoid--cEUgPCWU3yEdaCEABsIyPZPk53qgATqpVtafIZVC4YYRKhSRO5dYQQHGvP3D3JYcl6KNzI7si0oGT9j0C529XR4u1smmtiQOxDrEhTEm8vVlU6-StJ8cNHsWlVtvw_9UBBAytLzv3bH2x9_FbQfHv4CTTDRhoB4oTjcxARLZfx-Ftdn_A&uid=hQ3tdyFfRWdSRUD3jSTmPo6JpHu1, mapping to path=/?useremail=test@test.ciommmm&profession=testPrommmm&userDOB=userDOBmmmm&userID=testIDmmm&userLocation=testLocammm&userName=testingmmm&token=eyJhbGciOiJSUzI1NiIsImtpZCI6ImYxZDU2YTI1MWU0ZGRhM2Y0NWM0MWZkNWQ0ZGEwMWQyYjlkNzJlMGQiLCJ0eXAiOiJKV1QifQ.eyJpc3MiOiJodHRwczovL3NlY3VyZXRva2VuLmdvb2dsZS5jb20vaGVhbHRoc2NvcmUtNGZjZGYiLCJhdWQiOiJoZWFsdGhzY29yZS00ZmNkZiIsImF1dGhfdGltZSI6MTY0NzQ1MDQ4MSwidXNlcl9pZCI6ImhRM3RkeUZmUldkU1JVRDNqU1RtUG82SnBIdTEiLCJzdWIiOiJoUTN0ZHlGZlJXZFNSVUQzalNUbVBvNkpwSHUxIiwiaWF0IjoxNjQ3NDUwNDg2LCJleHAiOjE2NDc0NTQwODYsInBob25lX251bWJlciI6Iis5MTkwNDE0MjI2NTIiLCJmaXJlYmFzZSI6eyJpZGVudGl0aWVzIjp7InBob25lIjpbIis5MTkwNDE0MjI2NTIiXX0sInNpZ25faW5fcHJvdmlkZXIiOiJwaG9uZSJ9fQ.IKcQAGYXxmVe5ajDDeifSDxb4dz4kgp8h5h56FWzi8d-03dYlI3BRyxQr_RbuOLJn6N6j2wZOK0AAn9MYU15tzIC6lDKKVEareHODoUvqGNQZXU97Z3nwzP9K0zdc3LSbKdyj0-o6voH1DvOVJkZIN998XnMVhHuoid--cEUgPCWU3yEdaCEABsIyPZPk53qgATqpVtafIZVC4YYRKhSRO5dYQQHGvP3D3JYcl6KNzI7si0oGT9j0C529XR4u1smmtiQOxDrEhTEm8vVlU6-StJ8cNHsWlVtvw_9UBBAytLzv3bH2x9_FbQfHv4CTTDRhoB4oTjcxARLZfx-Ftdn_A&uid=hQ3tdyFfRWdSRUD3jSTmPo6JpHu1"}}
[debug] [2022-03-16T19:44:18.807Z] [runtime-status] [12942] Ephemeral server handling POST request {"metadata":{"emulator":{"name":"functions"},"function":{"name":"us-central1-generateToken"},"extension":{},"message":"[runtime-status] [12942] Ephemeral server handling POST request"}}
[warn] ⚠  functions: The Firebase Authentication emulator is not running, so calls to Firebase Authentication will affect production. {"metadata":{"emulator":{"name":"functions"},"function":{"name":"us-central1-generateToken"},"extension":{},"message":"The Firebase Authentication emulator is not running, so calls to Firebase Authentication will affect production."}}
[debug] [2022-03-16T19:44:18.983Z] [runtime-status] [12942] Ephemeral server survived. {"metadata":{"emulator":{"name":"functions"},"function":{"name":"us-central1-generateToken"},"extension":{},"message":"[runtime-status] [12942] Ephemeral server survived."}}
[info] >  Error creating custom token: ReferenceError: querySnapshot is not defined {"user":"Error creating custom token: ReferenceError: querySnapshot is not defined","metadata":{"emulator":{"name":"functions"},"function":{"name":"us-central1-generateToken"},"extension":{},"message":"\u001b[90m> \u001b[39m Error creating custom token: ReferenceError: querySnapshot is not defined"}}
[info] >      at /Users/admin/functions/index.js:62:23 {"user":"    at /Users/admin/functions/index.js:62:23","metadata":{"emulator":{"name":"functions"},"function":{"name":"us-central1-generateToken"},"extension":{},"message":"\u001b[90m> \u001b[39m     at /Users/admin/functions/index.js:62:23"}}
[info] >      at processTicksAndRejections (node:internal/process/task_queues:96:5) {"user":"    at processTicksAndRejections (node:internal/process/task_queues:96:5)","metadata":{"emulator":{"name":"functions"},"function":{"name":"us-central1-generateToken"},"extension":{},"message":"\u001b[90m> \u001b[39m     at processTicksAndRejections (node:internal/process/task_queues:96:5)"}}
[info] i  functions: Finished "generateToken" in ~1s {"metadata":{"emulator":{"name":"functions"},"function":{"name":"us-central1-generateToken"},"extension":{},"message":"Finished \"generateToken\" in ~1s"}}
[debug] [2022-03-16T19:44:18.992Z] [worker-us-central1-generateToken-c3ef5c27-2bfa-4db1-bbb6-bc08c5cbe73f]: IDLE {"metadata":{"emulator":{"name":"functions"},"message":"[worker-us-central1-generateToken-c3ef5c27-2bfa-4db1-bbb6-bc08c5cbe73f]: IDLE"}}
[debug] [2022-03-16T19:44:18.992Z] [work-queue] {"queueLength":0,"workRunningCount":0}
[debug] [2022-03-16T19:44:46.619Z] File /Users/admin/functions/index.js changed, reloading triggers {"metadata":{"emulator":{"name":"functions"},"message":"File /Users/admin/functions/index.js changed, reloading triggers"}}
[debug] [2022-03-16T19:44:46.719Z] File /Users/admin/functions/index.js changed, reloading triggers {"metadata":{"emulator":{"name":"functions"},"message":"File /Users/admin/functions/index.js changed, reloading triggers"}}
[debug] [2022-03-16T19:44:47.720Z] [worker-pool] Shutting down IDLE worker (us-central1-generateToken) {"metadata":{"emulator":{"name":"functions"},"message":"[worker-pool] Shutting down IDLE worker (us-central1-generateToken)"}}
[debug] [2022-03-16T19:44:47.721Z] [worker-us-central1-generateToken-c3ef5c27-2bfa-4db1-bbb6-bc08c5cbe73f]: FINISHING {"metadata":{"emulator":{"name":"functions"},"message":"[worker-us-central1-generateToken-c3ef5c27-2bfa-4db1-bbb6-bc08c5cbe73f]: FINISHING"}}
[debug] [2022-03-16T19:44:59.746Z] ----------------------------------------------------------------------
[debug] [2022-03-16T19:44:59.747Z] Command:       /usr/local/bin/node /usr/local/bin/firebase emulators:start
[debug] [2022-03-16T19:44:59.748Z] CLI Version:   10.3.0
[debug] [2022-03-16T19:44:59.748Z] Platform:      darwin
[debug] [2022-03-16T19:44:59.748Z] Node Version:  v16.14.0
[debug] [2022-03-16T19:44:59.749Z] Time:          Thu Mar 17 2022 01:14:59 GMT+0530 (India Standard Time)
[debug] [2022-03-16T19:44:59.749Z] ----------------------------------------------------------------------
[debug] 
[debug] [2022-03-16T19:44:59.799Z] > command requires scopes: ["email","openid","https://www.googleapis.com/auth/cloudplatformprojects.readonly","https://www.googleapis.com/auth/firebase","https://www.googleapis.com/auth/cloud-platform"]
[debug] [2022-03-16T19:44:59.800Z] > authorizing via signed-in user (technorapper@gmail.com)
[info] i  emulators: Starting emulators: functions, firestore {"metadata":{"emulator":{"name":"hub"},"message":"Starting emulators: functions, firestore"}}
[warn] ⚠  emulators: It seems that you are running multiple instances of the emulator suite for project healthscore-4fcdf. This may result in unexpected behavior. 
[debug] [2022-03-16T19:44:59.822Z] [hub] writing locator at /var/folders/vk/28shpjdn0fz564svsjlbnnn40000gn/T/hub-healthscore-4fcdf.json
[warn] ⚠  functions: The following emulators are not running, calls to these services from the Functions emulator will affect production: auth, database, hosting, pubsub, storage {"metadata":{"emulator":{"name":"functions"},"message":"The following emulators are not running, calls to these services from the Functions emulator will affect production: \u001b[1mauth, database, hosting, pubsub, storage\u001b[22m"}}
[info] ✔  functions: Using node@16 from host. {"metadata":{"emulator":{"name":"functions"},"message":"Using node@16 from host."}}
[debug] [2022-03-16T19:44:59.837Z] defaultcredentials: writing to file /Users/admin/.config/firebase/technorapper_gmail_com_application_default_credentials.json
[debug] [2022-03-16T19:44:59.839Z] Setting GAC to /Users/admin/.config/firebase/technorapper_gmail_com_application_default_credentials.json {"metadata":{"emulator":{"name":"functions"},"message":"Setting GAC to /Users/admin/.config/firebase/technorapper_gmail_com_application_default_credentials.json"}}
[debug] [2022-03-16T19:44:59.842Z] >>> [apiv2][query] GET https://firebase.googleapis.com/v1beta1/projects/healthscore-4fcdf/adminSdkConfig [none]
[debug] [2022-03-16T19:45:00.587Z] <<< [apiv2][status] GET https://firebase.googleapis.com/v1beta1/projects/healthscore-4fcdf/adminSdkConfig 200
[debug] [2022-03-16T19:45:00.587Z] <<< [apiv2][body] GET https://firebase.googleapis.com/v1beta1/projects/healthscore-4fcdf/adminSdkConfig {"projectId":"healthscore-4fcdf","databaseURL":"https://healthscore-4fcdf-default-rtdb.firebaseio.com","storageBucket":"healthscore-4fcdf.appspot.com","locationId":"asia-northeast2"}
[debug] [2022-03-16T19:45:00.623Z] Ignoring unsupported arg: projectId {"metadata":{"emulator":{"name":"firestore"},"message":"Ignoring unsupported arg: projectId"}}
[debug] [2022-03-16T19:45:00.623Z] Ignoring unsupported arg: auto_download {"metadata":{"emulator":{"name":"firestore"},"message":"Ignoring unsupported arg: auto_download"}}
[debug] [2022-03-16T19:45:00.623Z] Starting Firestore Emulator with command {"binary":"java","args":["-Dgoogle.cloud_firestore.debug_log_level=FINE","-Duser.language=en","-jar","/Users/admin/.cache/firebase/emulators/cloud-firestore-emulator-v1.13.1.jar","--host","localhost","--port",8080,"--rules","/Users/admin/firestore.rules","--functions_emulator","localhost:5001"],"optionalArgs":["port","webchannel_port","host","rules","functions_emulator","seed_from_export"],"joinArgs":false} {"metadata":{"emulator":{"name":"firestore"},"message":"Starting Firestore Emulator with command {\"binary\":\"java\",\"args\":[\"-Dgoogle.cloud_firestore.debug_log_level=FINE\",\"-Duser.language=en\",\"-jar\",\"/Users/admin/.cache/firebase/emulators/cloud-firestore-emulator-v1.13.1.jar\",\"--host\",\"localhost\",\"--port\",8080,\"--rules\",\"/Users/admin/firestore.rules\",\"--functions_emulator\",\"localhost:5001\"],\"optionalArgs\":[\"port\",\"webchannel_port\",\"host\",\"rules\",\"functions_emulator\",\"seed_from_export\"],\"joinArgs\":false}"}}
[info] i  firestore: Firestore Emulator logging to firestore-debug.log {"metadata":{"emulator":{"name":"firestore"},"message":"Firestore Emulator logging to \u001b[1mfirestore-debug.log\u001b[22m"}}
[debug] [2022-03-16T19:45:01.481Z] Mar 17, 2022 1:15:01 AM com.google.cloud.datastore.emulator.firestore.websocket.WebSocketServer start
INFO: Started WebSocket server on ws://localhost:60838
 {"metadata":{"emulator":{"name":"firestore"},"message":"Mar 17, 2022 1:15:01 AM com.google.cloud.datastore.emulator.firestore.websocket.WebSocketServer start\nINFO: Started WebSocket server on ws://localhost:60838\n"}}
[debug] [2022-03-16T19:45:01.504Z] API endpoint: http://localhost:8080
 {"metadata":{"emulator":{"name":"firestore"},"message":"API endpoint: http://localhost:8080\n"}}
[debug] [2022-03-16T19:45:01.504Z] If you are using a library that supports the FIRESTORE_EMULATOR_HOST environment variable, run:

   export FIRESTORE_EMULATOR_HOST=localhost:8080

Dev App Server is now running.

 {"metadata":{"emulator":{"name":"firestore"},"message":"If you are using a library that supports the FIRESTORE_EMULATOR_HOST environment variable, run:\n\n   export FIRESTORE_EMULATOR_HOST=localhost:8080\n\nDev App Server is now running.\n\n"}}
[warn] ⚠  ui: Emulator UI unable to start on port 4000, starting on 4017 instead. {"metadata":{"emulator":{"name":"ui"},"message":"Emulator UI unable to start on port 4000, starting on 4017 instead."}}
[debug] [2022-03-16T19:45:01.680Z] Ignoring unsupported arg: auto_download {"metadata":{"emulator":{"name":"ui"},"message":"Ignoring unsupported arg: auto_download"}}
[debug] [2022-03-16T19:45:01.680Z] Ignoring unsupported arg: port {"metadata":{"emulator":{"name":"ui"},"message":"Ignoring unsupported arg: port"}}
[debug] [2022-03-16T19:45:01.680Z] Starting Emulator UI with command {"binary":"node","args":["/Users/admin/.cache/firebase/emulators/ui-v1.6.5/server.bundle.js"],"optionalArgs":[],"joinArgs":false} {"metadata":{"emulator":{"name":"ui"},"message":"Starting Emulator UI with command {\"binary\":\"node\",\"args\":[\"/Users/admin/.cache/firebase/emulators/ui-v1.6.5/server.bundle.js\"],\"optionalArgs\":[],\"joinArgs\":false}"}}
[info] i  ui: Emulator UI logging to ui-debug.log {"metadata":{"emulator":{"name":"ui"},"message":"Emulator UI logging to \u001b[1mui-debug.log\u001b[22m"}}
[debug] [2022-03-16T19:45:01.781Z] Web / API server started at localhost:4017
 {"metadata":{"emulator":{"name":"ui"},"message":"Web / API server started at localhost:4017\n"}}
[info] i  functions: Watching "/Users/admin/functions" for Cloud Functions... {"metadata":{"emulator":{"name":"functions"},"message":"Watching \"/Users/admin/functions\" for Cloud Functions..."}}
[debug] [2022-03-16T19:45:01.948Z] Validating nodejs source
[warn] ⚠  functions: package.json indicates an outdated version of firebase-functions. Please upgrade using npm install --save firebase-functions@latest in your functions directory. 
[debug] [2022-03-16T19:45:02.933Z] > [functions] package.json contents: {
  "name": "functions",
  "description": "Cloud Functions for Firebase",
  "scripts": {
    "lint": "eslint .",
    "serve": "firebase emulators:start --only functions",
    "shell": "firebase functions:shell",
    "start": "npm run shell",
    "deploy": "firebase deploy --only functions",
    "logs": "firebase functions:log"
  },
  "engines": {
    "node": "16"
  },
  "main": "index.js",
  "dependencies": {
    "firebase": "^9.6.8",
    "firebase-admin": "^10.0.2",
    "firebase-functions": "^3.18.0",
    "firebase-auth": "~0.1.2"
  },
  "devDependencies": {
    "@babel/helper-compilation-targets": "^7.17.7",
    "eslint": "^8.9.0",
    "eslint-config-google": "^0.14.0",
    "firebase-functions-test": "^0.2.0"
  },
  "private": true
}
[debug] [2022-03-16T19:45:02.933Z] Building nodejs source
[debug] [2022-03-16T19:45:02.933Z] Analyzing nodejs backend spec
[info] ✔  functions[us-central1-addusers]: http function initialized (http://localhost:5001/healthscore-4fcdf/us-central1/addusers). {"metadata":{"emulator":{"name":"functions"},"message":"\u001b[1mhttp\u001b[22m function initialized (http://localhost:5001/healthscore-4fcdf/us-central1/addusers)."}}
[info] ✔  functions[us-central1-generateToken]: http function initialized (http://localhost:5001/healthscore-4fcdf/us-central1/generateToken). {"metadata":{"emulator":{"name":"functions"},"message":"\u001b[1mhttp\u001b[22m function initialized (http://localhost:5001/healthscore-4fcdf/us-central1/generateToken)."}}
[info] ✔  functions[us-central1-getAllUsers]: http function initialized (http://localhost:5001/healthscore-4fcdf/us-central1/getAllUsers). {"metadata":{"emulator":{"name":"functions"},"message":"\u001b[1mhttp\u001b[22m function initialized (http://localhost:5001/healthscore-4fcdf/us-central1/getAllUsers)."}}
[debug] [2022-03-16T19:45:03.163Z] addFirestoreTrigger "{\"eventTrigger\":{\"eventType\":\"providers/cloud.firestore/eventTypes/document.create\",\"resource\":\"projects/healthscore-4fcdf/databases/(default)/documents/messages/{documentId}\",\"service\":\"firestore.googleapis.com\"}}"
[debug] [2022-03-16T19:45:03.164Z] >>> HTTP REQUEST PUT http://localhost:8080/emulator/v1/projects/healthscore-4fcdf/triggers/us-central1-makeUppercase-0  
 {"eventTrigger":{"eventType":"providers/cloud.firestore/eventTypes/document.create","resource":"projects/healthscore-4fcdf/databases/(default)/documents/messages/{documentId}","service":"firestore.googleapis.com"}}
[debug] [2022-03-16T19:45:03.179Z] Mar 17, 2022 1:15:03 AM io.gapi.emulators.netty.HttpVersionRoutingHandler channelRead
INFO: Detected non-HTTP/2 connection.
 {"metadata":{"emulator":{"name":"firestore"},"message":"Mar 17, 2022 1:15:03 AM io.gapi.emulators.netty.HttpVersionRoutingHandler channelRead\nINFO: Detected non-HTTP/2 connection.\n"}}
[debug] [2022-03-16T19:45:03.309Z] Mar 17, 2022 1:15:03 AM io.gapi.emulators.netty.HttpVersionRoutingHandler channelRead
INFO: Detected HTTP/2 connection.
 {"metadata":{"emulator":{"name":"firestore"},"message":"Mar 17, 2022 1:15:03 AM io.gapi.emulators.netty.HttpVersionRoutingHandler channelRead\nINFO: Detected HTTP/2 connection.\n"}}
[debug] [2022-03-16T19:45:03.726Z] <<< HTTP RESPONSE 200 {"content-type":"application/json","content-length":"4"}
[info] ✔  functions[us-central1-makeUppercase]: firestore function initialized. {"metadata":{"emulator":{"name":"functions"},"message":"\u001b[1mfirestore\u001b[22m function initialized."}}
[info] 
┌─────────────────────────────────────────────────────────────┐
│ ✔  All emulators ready! It is now safe to connect your app. │
│ i  View Emulator UI at http://localhost:4017                │
└─────────────────────────────────────────────────────────────┘

┌───────────┬────────────────┬─────────────────────────────────┐
│ Emulator  │ Host:Port      │ View in Emulator UI             │
├───────────┼────────────────┼─────────────────────────────────┤
│ Functions │ localhost:5001 │ http://localhost:4017/functions │
├───────────┼────────────────┼─────────────────────────────────┤
│ Firestore │ localhost:8080 │ http://localhost:4017/firestore │
└───────────┴────────────────┴─────────────────────────────────┘
  Emulator Hub running at localhost:4400
  Other reserved ports: 4500

Issues? Report them at https://github.com/firebase/firebase-tools/issues and attach the *-debug.log files.
 
[debug] [2022-03-16T19:45:07.426Z] [work-queue] {"queueLength":1,"workRunningCount":0}
[debug] [2022-03-16T19:45:07.426Z] [work-queue] {"queueLength":0,"workRunningCount":1}
[debug] [2022-03-16T19:45:07.426Z] Accepted request POST /healthscore-4fcdf/us-central1/generateToken?useremail=test@test.ciommmm&profession=testPrommmm&userDOB=userDOBmmmm&userID=testIDmmm&userLocation=testLocammm&userName=testingmmm&token=eyJhbGciOiJSUzI1NiIsImtpZCI6ImYxZDU2YTI1MWU0ZGRhM2Y0NWM0MWZkNWQ0ZGEwMWQyYjlkNzJlMGQiLCJ0eXAiOiJKV1QifQ.eyJpc3MiOiJodHRwczovL3NlY3VyZXRva2VuLmdvb2dsZS5jb20vaGVhbHRoc2NvcmUtNGZjZGYiLCJhdWQiOiJoZWFsdGhzY29yZS00ZmNkZiIsImF1dGhfdGltZSI6MTY0NzQ1MDQ4MSwidXNlcl9pZCI6ImhRM3RkeUZmUldkU1JVRDNqU1RtUG82SnBIdTEiLCJzdWIiOiJoUTN0ZHlGZlJXZFNSVUQzalNUbVBvNkpwSHUxIiwiaWF0IjoxNjQ3NDUwNDg2LCJleHAiOjE2NDc0NTQwODYsInBob25lX251bWJlciI6Iis5MTkwNDE0MjI2NTIiLCJmaXJlYmFzZSI6eyJpZGVudGl0aWVzIjp7InBob25lIjpbIis5MTkwNDE0MjI2NTIiXX0sInNpZ25faW5fcHJvdmlkZXIiOiJwaG9uZSJ9fQ.IKcQAGYXxmVe5ajDDeifSDxb4dz4kgp8h5h56FWzi8d-03dYlI3BRyxQr_RbuOLJn6N6j2wZOK0AAn9MYU15tzIC6lDKKVEareHODoUvqGNQZXU97Z3nwzP9K0zdc3LSbKdyj0-o6voH1DvOVJkZIN998XnMVhHuoid--cEUgPCWU3yEdaCEABsIyPZPk53qgATqpVtafIZVC4YYRKhSRO5dYQQHGvP3D3JYcl6KNzI7si0oGT9j0C529XR4u1smmtiQOxDrEhTEm8vVlU6-StJ8cNHsWlVtvw_9UBBAytLzv3bH2x9_FbQfHv4CTTDRhoB4oTjcxARLZfx-Ftdn_A&uid=hQ3tdyFfRWdSRUD3jSTmPo6JpHu1 --> us-central1-generateToken
[debug] [2022-03-16T19:45:07.434Z] [worker-pool] addWorker(us-central1-generateToken) {"metadata":{"emulator":{"name":"functions"},"message":"[worker-pool] addWorker(us-central1-generateToken)"}}
[debug] [2022-03-16T19:45:07.434Z] [worker-pool] Adding worker with key us-central1-generateToken, total=1 {"metadata":{"emulator":{"name":"functions"},"message":"[worker-pool] Adding worker with key us-central1-generateToken, total=1"}}
[debug] [2022-03-16T19:45:07.435Z] [worker-pool] submitWork(triggerId=us-central1-generateToken) {"metadata":{"emulator":{"name":"functions"},"message":"[worker-pool] submitWork(triggerId=us-central1-generateToken)"}}
[debug] [2022-03-16T19:45:07.435Z] [worker-us-central1-generateToken-09dd7993-40bf-44c5-a2ab-a8fa202d635b]: Assigning socketPath: /var/folders/vk/28shpjdn0fz564svsjlbnnn40000gn/T/fire_emu_13030.sock {"metadata":{"emulator":{"name":"functions"},"message":"[worker-us-central1-generateToken-09dd7993-40bf-44c5-a2ab-a8fa202d635b]: Assigning socketPath: /var/folders/vk/28shpjdn0fz564svsjlbnnn40000gn/T/fire_emu_13030.sock"}}
[debug] [2022-03-16T19:45:07.435Z] [worker-us-central1-generateToken-09dd7993-40bf-44c5-a2ab-a8fa202d635b]: BUSY {"metadata":{"emulator":{"name":"functions"},"message":"[worker-us-central1-generateToken-09dd7993-40bf-44c5-a2ab-a8fa202d635b]: BUSY"}}
[debug] [2022-03-16T19:45:08.682Z] [runtime-status] [13030] Functions runtime initialized. {"cwd":"/Users/admin/functions","node_version":"16.14.0"} {"metadata":{"emulator":{"name":"functions"},"function":{"name":"us-central1-generateToken"},"extension":{},"message":"[runtime-status] [13030] Functions runtime initialized. {\"cwd\":\"/Users/admin/functions\",\"node_version\":\"16.14.0\"}"}}
[debug] [2022-03-16T19:45:08.682Z] [runtime-status] [13030] Disabled runtime features: undefined {"metadata":{"emulator":{"name":"functions"},"function":{"name":"us-central1-generateToken"},"extension":{},"message":"[runtime-status] [13030] Disabled runtime features: undefined"}}
[debug] [2022-03-16T19:45:08.684Z] [runtime-status] [13030] Resolved module firebase-admin {"declared":true,"installed":true,"version":"10.0.2","resolution":"/Users/admin/functions/node_modules/firebase-admin/lib/index.js"} {"metadata":{"emulator":{"name":"functions"},"function":{"name":"us-central1-generateToken"},"extension":{},"message":"[runtime-status] [13030] Resolved module firebase-admin {\"declared\":true,\"installed\":true,\"version\":\"10.0.2\",\"resolution\":\"/Users/admin/functions/node_modules/firebase-admin/lib/index.js\"}"}}
[debug] [2022-03-16T19:45:08.685Z] [runtime-status] [13030] Resolved module firebase-functions {"declared":true,"installed":true,"version":"3.18.1","resolution":"/Users/admin/functions/node_modules/firebase-functions/lib/index.js"} {"metadata":{"emulator":{"name":"functions"},"function":{"name":"us-central1-generateToken"},"extension":{},"message":"[runtime-status] [13030] Resolved module firebase-functions {\"declared\":true,\"installed\":true,\"version\":\"3.18.1\",\"resolution\":\"/Users/admin/functions/node_modules/firebase-functions/lib/index.js\"}"}}
[debug] [2022-03-16T19:45:08.686Z] [runtime-status] [13030] Outgoing network have been stubbed. [{"name":"http","status":"mocked"},{"name":"http","status":"mocked"},{"name":"https","status":"mocked"},{"name":"https","status":"mocked"},{"name":"net","status":"mocked"}] {"metadata":{"emulator":{"name":"functions"},"function":{"name":"us-central1-generateToken"},"extension":{},"message":"[runtime-status] [13030] Outgoing network have been stubbed. [{\"name\":\"http\",\"status\":\"mocked\"},{\"name\":\"http\",\"status\":\"mocked\"},{\"name\":\"https\",\"status\":\"mocked\"},{\"name\":\"https\",\"status\":\"mocked\"},{\"name\":\"net\",\"status\":\"mocked\"}]"}}
[debug] [2022-03-16T19:45:08.686Z] [runtime-status] [13030] Resolved module firebase-functions {"declared":true,"installed":true,"version":"3.18.1","resolution":"/Users/admin/functions/node_modules/firebase-functions/lib/index.js"} {"metadata":{"emulator":{"name":"functions"},"function":{"name":"us-central1-generateToken"},"extension":{},"message":"[runtime-status] [13030] Resolved module firebase-functions {\"declared\":true,\"installed\":true,\"version\":\"3.18.1\",\"resolution\":\"/Users/admin/functions/node_modules/firebase-functions/lib/index.js\"}"}}
[debug] [2022-03-16T19:45:08.715Z] [runtime-status] [13030] Checked functions.config() {"config":{}} {"metadata":{"emulator":{"name":"functions"},"function":{"name":"us-central1-generateToken"},"extension":{},"message":"[runtime-status] [13030] Checked functions.config() {\"config\":{}}"}}
[debug] [2022-03-16T19:45:08.715Z] [runtime-status] [13030] firebase-functions has been stubbed. {"functionsResolution":{"declared":true,"installed":true,"version":"3.18.1","resolution":"/Users/admin/functions/node_modules/firebase-functions/lib/index.js"}} {"metadata":{"emulator":{"name":"functions"},"function":{"name":"us-central1-generateToken"},"extension":{},"message":"[runtime-status] [13030] firebase-functions has been stubbed. {\"functionsResolution\":{\"declared\":true,\"installed\":true,\"version\":\"3.18.1\",\"resolution\":\"/Users/admin/functions/node_modules/firebase-functions/lib/index.js\"}}"}}
[debug] [2022-03-16T19:45:08.715Z] [runtime-status] [13030] Resolved module firebase-functions {"declared":true,"installed":true,"version":"3.18.1","resolution":"/Users/admin/functions/node_modules/firebase-functions/lib/index.js"} {"metadata":{"emulator":{"name":"functions"},"function":{"name":"us-central1-generateToken"},"extension":{},"message":"[runtime-status] [13030] Resolved module firebase-functions {\"declared\":true,\"installed\":true,\"version\":\"3.18.1\",\"resolution\":\"/Users/admin/functions/node_modules/firebase-functions/lib/index.js\"}"}}
[debug] [2022-03-16T19:45:08.716Z] [runtime-status] [13030] Resolved module firebase-admin {"declared":true,"installed":true,"version":"10.0.2","resolution":"/Users/admin/functions/node_modules/firebase-admin/lib/index.js"} {"metadata":{"emulator":{"name":"functions"},"function":{"name":"us-central1-generateToken"},"extension":{},"message":"[runtime-status] [13030] Resolved module firebase-admin {\"declared\":true,\"installed\":true,\"version\":\"10.0.2\",\"resolution\":\"/Users/admin/functions/node_modules/firebase-admin/lib/index.js\"}"}}
[debug] [2022-03-16T19:45:08.716Z] [runtime-status] [13030] Resolved module firebase-functions {"declared":true,"installed":true,"version":"3.18.1","resolution":"/Users/admin/functions/node_modules/firebase-functions/lib/index.js"} {"metadata":{"emulator":{"name":"functions"},"function":{"name":"us-central1-generateToken"},"extension":{},"message":"[runtime-status] [13030] Resolved module firebase-functions {\"declared\":true,\"installed\":true,\"version\":\"3.18.1\",\"resolution\":\"/Users/admin/functions/node_modules/firebase-functions/lib/index.js\"}"}}
[debug] [2022-03-16T19:45:08.717Z] [runtime-status] [13030] firebase-admin has been stubbed. {"adminResolution":{"declared":true,"installed":true,"version":"10.0.2","resolution":"/Users/admin/functions/node_modules/firebase-admin/lib/index.js"}} {"metadata":{"emulator":{"name":"functions"},"function":{"name":"us-central1-generateToken"},"extension":{},"message":"[runtime-status] [13030] firebase-admin has been stubbed. {\"adminResolution\":{\"declared\":true,\"installed\":true,\"version\":\"10.0.2\",\"resolution\":\"/Users/admin/functions/node_modules/firebase-admin/lib/index.js\"}}"}}
[debug] [2022-03-16T19:45:08.771Z] [runtime-status] [13030] initializeApp(DEFAULT) {"credential":{"implicit":false,"projectId":"healthscore-4fcdf","privateKey":"-----BEGIN PRIVATE KEY-----\nMIIEvAIBADANBgkqhkiG9w0BAQEFAASCBKYwggSiAgEAAoIBAQCbmCLe4h0pWHdY\nj+4yeYyNHiqOiCYi5y0Mx4bgDLVHrO5kYMvprXbIkSg1cr25ccUuKPXxbo6u8qPU\ngPGU7L9M/NTFNT56MAUzkn71JdQBcaU//X0efnNLsdqn6TP4t+5Kqgln+bzVXFP8\n74SnK4YZBzddCfiQ4tdUCE/caakHgGisEilKOEh/ts5jvimqHvAXt/AIlFgRAyRm\nJN9IRW7BlbmoCu/6duTHzLGe7UjKWG4XjSZ5rFrRcALqrWMjo4ttXalER7doIs0G\nhwfMQh0vI9TRzoBDN+B0sad9JV4H+xYcfUjTSvbYDFpOJfxVQ84b4qaeOKEawVvJ\nDkdCjTc5AgMBAAECggEAF0fmP885acxQ3zF6BJdnTl4rI/R/ME3C0dyw86kzHqxj\nZyWMnURVN6FwkL7AYJUDWerLEfrm4opvtQYuH4hk/1H9TByxYnr47ESJNokYdbbZ\ncP+uzvdArRzJiMI+AoMS5p0WlzYo6QvNjVURVioPAIOx5vvs81DdwzcTK/mrTvHN\n2WfC0zR3czX0OeSZKW1cGA+uOyBEjhMMVVQx/qzJcnRKfmaVX2i/Wk3QUkpNq5w/\nDU4kYS52fp+VeCHGyFBIuvLbIRsiY8lutFRW6pwOQWbpUvAeEVkiGXfmctFDMuYi\nLOoWubqD0N2HMmpXPgsk0VZVJQm8VDrFnlaykxf7WQKBgQDV3J0OjcZm+eQ45mUB\n22JzHzRvNGGphQa3GGzD++/CNBQYcaKJJRf0AO+iaJQgB02berFnmZfYGmKjYQRE\nrxDbFcTZKa7qCdtENzhK6Fr0lB368sRULEr7ndyQ5QGdzoEufANPEZ3MUDA6CNSH\n3uQpivJ47W2qF9/JQqOZ8T6PvwKBgQC6QHTWXToZtlgODaSuGTsDOa5qJb3WbbaA\n0kYkudtjXrr8q+k3h1ySMRYcoNiqCxkp+gb8c7dfBndPkWhnPOLcU1OGOT0ugzLY\nY3Xq0BbBFNt8x475xS5HZsiPL/t+iVPC5ND4xO73YNJcUS6+BTfVh4KEzFaZSjo7\n3/QhPFr3BwKBgBOgARGa1QASIm1ORyqadThXPrqNtgCWYn1e0mxRrDjICqgLlXy8\nWKxdgaAHtMATq31/DtSQ9awxD6gqePfMkOFp5/x9pL15VhO2dYX6OI6FIRMsP/Px\ndJgObnUlbraKgrQ/URZqaW6cVTCeKtKlE470XzfVoeCf/Ds90EGKL9GFAoGAQBpH\nHDBh+s+DZvLTJwiQAwArQ2VR/SctlRDKC4HcPEsyWBxi3DW+aqJyVdAWQhAnzQa8\nuM6q4g27qqsFH+MYwXP8X0n8ALIvIcK5puOPsUyYbk3Qq65tyy1ZAc8l49sn9QAD\n3FsLVCECxbs7NzNckCVfio05kPC3MjxWLco0FKkCgYBvMnCvRsvAY9vUuVSj0yL4\nTAdMM5yUwpA1ppxfxDOWHyUC8myVEsCiwp6UYoAtXwNHaxDFM8EzWIcOHXVPZtFG\nIgD6wPdsdHLk5i1eyK3RGE9z/zZSs7jg9rlVYF+GXQodQzMEzYDsbVezooCwh2PN\nF3qgoYcKa4M2eg6sFfb4rA==\n-----END PRIVATE KEY-----\n","clientEmail":"firebase-adminsdk-qhmg3@healthscore-4fcdf.iam.gserviceaccount.com","httpClient":{"retry":{"maxRetries":4,"statusCodes":[503],"ioErrorCodes":["ECONNRESET","ETIMEDOUT"],"backOffFactor":0.5,"maxDelayInMillis":60000}}},"databaseURL":"https://healthscore-4fcdf-default-rtdb.firebaseio.com"} {"metadata":{"emulator":{"name":"functions"},"function":{"name":"us-central1-generateToken"},"extension":{},"message":"[runtime-status] [13030] initializeApp(DEFAULT) {\"credential\":{\"implicit\":false,\"projectId\":\"healthscore-4fcdf\",\"privateKey\":\"-----BEGIN PRIVATE KEY-----\\nMIIEvAIBADANBgkqhkiG9w0BAQEFAASCBKYwggSiAgEAAoIBAQCbmCLe4h0pWHdY\\nj+4yeYyNHiqOiCYi5y0Mx4bgDLVHrO5kYMvprXbIkSg1cr25ccUuKPXxbo6u8qPU\\ngPGU7L9M/NTFNT56MAUzkn71JdQBcaU//X0efnNLsdqn6TP4t+5Kqgln+bzVXFP8\\n74SnK4YZBzddCfiQ4tdUCE/caakHgGisEilKOEh/ts5jvimqHvAXt/AIlFgRAyRm\\nJN9IRW7BlbmoCu/6duTHzLGe7UjKWG4XjSZ5rFrRcALqrWMjo4ttXalER7doIs0G\\nhwfMQh0vI9TRzoBDN+B0sad9JV4H+xYcfUjTSvbYDFpOJfxVQ84b4qaeOKEawVvJ\\nDkdCjTc5AgMBAAECggEAF0fmP885acxQ3zF6BJdnTl4rI/R/ME3C0dyw86kzHqxj\\nZyWMnURVN6FwkL7AYJUDWerLEfrm4opvtQYuH4hk/1H9TByxYnr47ESJNokYdbbZ\\ncP+uzvdArRzJiMI+AoMS5p0WlzYo6QvNjVURVioPAIOx5vvs81DdwzcTK/mrTvHN\\n2WfC0zR3czX0OeSZKW1cGA+uOyBEjhMMVVQx/qzJcnRKfmaVX2i/Wk3QUkpNq5w/\\nDU4kYS52fp+VeCHGyFBIuvLbIRsiY8lutFRW6pwOQWbpUvAeEVkiGXfmctFDMuYi\\nLOoWubqD0N2HMmpXPgsk0VZVJQm8VDrFnlaykxf7WQKBgQDV3J0OjcZm+eQ45mUB\\n22JzHzRvNGGphQa3GGzD++/CNBQYcaKJJRf0AO+iaJQgB02berFnmZfYGmKjYQRE\\nrxDbFcTZKa7qCdtENzhK6Fr0lB368sRULEr7ndyQ5QGdzoEufANPEZ3MUDA6CNSH\\n3uQpivJ47W2qF9/JQqOZ8T6PvwKBgQC6QHTWXToZtlgODaSuGTsDOa5qJb3WbbaA\\n0kYkudtjXrr8q+k3h1ySMRYcoNiqCxkp+gb8c7dfBndPkWhnPOLcU1OGOT0ugzLY\\nY3Xq0BbBFNt8x475xS5HZsiPL/t+iVPC5ND4xO73YNJcUS6+BTfVh4KEzFaZSjo7\\n3/QhPFr3BwKBgBOgARGa1QASIm1ORyqadThXPrqNtgCWYn1e0mxRrDjICqgLlXy8\\nWKxdgaAHtMATq31/DtSQ9awxD6gqePfMkOFp5/x9pL15VhO2dYX6OI6FIRMsP/Px\\ndJgObnUlbraKgrQ/URZqaW6cVTCeKtKlE470XzfVoeCf/Ds90EGKL9GFAoGAQBpH\\nHDBh+s+DZvLTJwiQAwArQ2VR/SctlRDKC4HcPEsyWBxi3DW+aqJyVdAWQhAnzQa8\\nuM6q4g27qqsFH+MYwXP8X0n8ALIvIcK5puOPsUyYbk3Qq65tyy1ZAc8l49sn9QAD\\n3FsLVCECxbs7NzNckCVfio05kPC3MjxWLco0FKkCgYBvMnCvRsvAY9vUuVSj0yL4\\nTAdMM5yUwpA1ppxfxDOWHyUC8myVEsCiwp6UYoAtXwNHaxDFM8EzWIcOHXVPZtFG\\nIgD6wPdsdHLk5i1eyK3RGE9z/zZSs7jg9rlVYF+GXQodQzMEzYDsbVezooCwh2PN\\nF3qgoYcKa4M2eg6sFfb4rA==\\n-----END PRIVATE KEY-----\\n\",\"clientEmail\":\"firebase-adminsdk-qhmg3@healthscore-4fcdf.iam.gserviceaccount.com\",\"httpClient\":{\"retry\":{\"maxRetries\":4,\"statusCodes\":[503],\"ioErrorCodes\":[\"ECONNRESET\",\"ETIMEDOUT\"],\"backOffFactor\":0.5,\"maxDelayInMillis\":60000}}},\"databaseURL\":\"https://healthscore-4fcdf-default-rtdb.firebaseio.com\"}"}}
[debug] [2022-03-16T19:45:08.771Z] [runtime-status] [13030] Beginning invocation function generateToken! {"metadata":{"emulator":{"name":"functions"},"function":{"name":"us-central1-generateToken"},"extension":{},"message":"[runtime-status] [13030] Beginning invocation function generateToken!"}}
[info] i  functions: Beginning execution of "generateToken" {"metadata":{"emulator":{"name":"functions"},"function":{"name":"us-central1-generateToken"},"extension":{},"message":"Beginning execution of \"generateToken\""}}
[debug] [2022-03-16T19:45:08.772Z] [runtime-status] [13030] Running generateToken in signature http {"metadata":{"emulator":{"name":"functions"},"function":{"name":"us-central1-generateToken"},"extension":{},"message":"[runtime-status] [13030] Running generateToken in signature http"}}
[debug] [2022-03-16T19:45:08.775Z] [runtime-status] [13030] Attempting to listen to socketPath: /var/folders/vk/28shpjdn0fz564svsjlbnnn40000gn/T/fire_emu_13030.sock {"metadata":{"emulator":{"name":"functions"},"function":{"name":"us-central1-generateToken"},"extension":{},"message":"[runtime-status] [13030] Attempting to listen to socketPath: /var/folders/vk/28shpjdn0fz564svsjlbnnn40000gn/T/fire_emu_13030.sock"}}
[debug] [2022-03-16T19:45:08.783Z] [functions] Runtime ready! Sending request! {"metadata":{"emulator":{"name":"functions"},"message":"[functions] Runtime ready! Sending request!"}}
[debug] [2022-03-16T19:45:08.783Z] [functions] Got req.url=/healthscore-4fcdf/us-central1/generateToken?useremail=test@test.ciommmm&profession=testPrommmm&userDOB=userDOBmmmm&userID=testIDmmm&userLocation=testLocammm&userName=testingmmm&token=eyJhbGciOiJSUzI1NiIsImtpZCI6ImYxZDU2YTI1MWU0ZGRhM2Y0NWM0MWZkNWQ0ZGEwMWQyYjlkNzJlMGQiLCJ0eXAiOiJKV1QifQ.eyJpc3MiOiJodHRwczovL3NlY3VyZXRva2VuLmdvb2dsZS5jb20vaGVhbHRoc2NvcmUtNGZjZGYiLCJhdWQiOiJoZWFsdGhzY29yZS00ZmNkZiIsImF1dGhfdGltZSI6MTY0NzQ1MDQ4MSwidXNlcl9pZCI6ImhRM3RkeUZmUldkU1JVRDNqU1RtUG82SnBIdTEiLCJzdWIiOiJoUTN0ZHlGZlJXZFNSVUQzalNUbVBvNkpwSHUxIiwiaWF0IjoxNjQ3NDUwNDg2LCJleHAiOjE2NDc0NTQwODYsInBob25lX251bWJlciI6Iis5MTkwNDE0MjI2NTIiLCJmaXJlYmFzZSI6eyJpZGVudGl0aWVzIjp7InBob25lIjpbIis5MTkwNDE0MjI2NTIiXX0sInNpZ25faW5fcHJvdmlkZXIiOiJwaG9uZSJ9fQ.IKcQAGYXxmVe5ajDDeifSDxb4dz4kgp8h5h56FWzi8d-03dYlI3BRyxQr_RbuOLJn6N6j2wZOK0AAn9MYU15tzIC6lDKKVEareHODoUvqGNQZXU97Z3nwzP9K0zdc3LSbKdyj0-o6voH1DvOVJkZIN998XnMVhHuoid--cEUgPCWU3yEdaCEABsIyPZPk53qgATqpVtafIZVC4YYRKhSRO5dYQQHGvP3D3JYcl6KNzI7si0oGT9j0C529XR4u1smmtiQOxDrEhTEm8vVlU6-StJ8cNHsWlVtvw_9UBBAytLzv3bH2x9_FbQfHv4CTTDRhoB4oTjcxARLZfx-Ftdn_A&uid=hQ3tdyFfRWdSRUD3jSTmPo6JpHu1, mapping to path=/?useremail=test@test.ciommmm&profession=testPrommmm&userDOB=userDOBmmmm&userID=testIDmmm&userLocation=testLocammm&userName=testingmmm&token=eyJhbGciOiJSUzI1NiIsImtpZCI6ImYxZDU2YTI1MWU0ZGRhM2Y0NWM0MWZkNWQ0ZGEwMWQyYjlkNzJlMGQiLCJ0eXAiOiJKV1QifQ.eyJpc3MiOiJodHRwczovL3NlY3VyZXRva2VuLmdvb2dsZS5jb20vaGVhbHRoc2NvcmUtNGZjZGYiLCJhdWQiOiJoZWFsdGhzY29yZS00ZmNkZiIsImF1dGhfdGltZSI6MTY0NzQ1MDQ4MSwidXNlcl9pZCI6ImhRM3RkeUZmUldkU1JVRDNqU1RtUG82SnBIdTEiLCJzdWIiOiJoUTN0ZHlGZlJXZFNSVUQzalNUbVBvNkpwSHUxIiwiaWF0IjoxNjQ3NDUwNDg2LCJleHAiOjE2NDc0NTQwODYsInBob25lX251bWJlciI6Iis5MTkwNDE0MjI2NTIiLCJmaXJlYmFzZSI6eyJpZGVudGl0aWVzIjp7InBob25lIjpbIis5MTkwNDE0MjI2NTIiXX0sInNpZ25faW5fcHJvdmlkZXIiOiJwaG9uZSJ9fQ.IKcQAGYXxmVe5ajDDeifSDxb4dz4kgp8h5h56FWzi8d-03dYlI3BRyxQr_RbuOLJn6N6j2wZOK0AAn9MYU15tzIC6lDKKVEareHODoUvqGNQZXU97Z3nwzP9K0zdc3LSbKdyj0-o6voH1DvOVJkZIN998XnMVhHuoid--cEUgPCWU3yEdaCEABsIyPZPk53qgATqpVtafIZVC4YYRKhSRO5dYQQHGvP3D3JYcl6KNzI7si0oGT9j0C529XR4u1smmtiQOxDrEhTEm8vVlU6-StJ8cNHsWlVtvw_9UBBAytLzv3bH2x9_FbQfHv4CTTDRhoB4oTjcxARLZfx-Ftdn_A&uid=hQ3tdyFfRWdSRUD3jSTmPo6JpHu1 {"metadata":{"emulator":{"name":"functions"},"message":"[functions] Got req.url=/healthscore-4fcdf/us-central1/generateToken?useremail=test@test.ciommmm&profession=testPrommmm&userDOB=userDOBmmmm&userID=testIDmmm&userLocation=testLocammm&userName=testingmmm&token=eyJhbGciOiJSUzI1NiIsImtpZCI6ImYxZDU2YTI1MWU0ZGRhM2Y0NWM0MWZkNWQ0ZGEwMWQyYjlkNzJlMGQiLCJ0eXAiOiJKV1QifQ.eyJpc3MiOiJodHRwczovL3NlY3VyZXRva2VuLmdvb2dsZS5jb20vaGVhbHRoc2NvcmUtNGZjZGYiLCJhdWQiOiJoZWFsdGhzY29yZS00ZmNkZiIsImF1dGhfdGltZSI6MTY0NzQ1MDQ4MSwidXNlcl9pZCI6ImhRM3RkeUZmUldkU1JVRDNqU1RtUG82SnBIdTEiLCJzdWIiOiJoUTN0ZHlGZlJXZFNSVUQzalNUbVBvNkpwSHUxIiwiaWF0IjoxNjQ3NDUwNDg2LCJleHAiOjE2NDc0NTQwODYsInBob25lX251bWJlciI6Iis5MTkwNDE0MjI2NTIiLCJmaXJlYmFzZSI6eyJpZGVudGl0aWVzIjp7InBob25lIjpbIis5MTkwNDE0MjI2NTIiXX0sInNpZ25faW5fcHJvdmlkZXIiOiJwaG9uZSJ9fQ.IKcQAGYXxmVe5ajDDeifSDxb4dz4kgp8h5h56FWzi8d-03dYlI3BRyxQr_RbuOLJn6N6j2wZOK0AAn9MYU15tzIC6lDKKVEareHODoUvqGNQZXU97Z3nwzP9K0zdc3LSbKdyj0-o6voH1DvOVJkZIN998XnMVhHuoid--cEUgPCWU3yEdaCEABsIyPZPk53qgATqpVtafIZVC4YYRKhSRO5dYQQHGvP3D3JYcl6KNzI7si0oGT9j0C529XR4u1smmtiQOxDrEhTEm8vVlU6-StJ8cNHsWlVtvw_9UBBAytLzv3bH2x9_FbQfHv4CTTDRhoB4oTjcxARLZfx-Ftdn_A&uid=hQ3tdyFfRWdSRUD3jSTmPo6JpHu1, mapping to path=/?useremail=test@test.ciommmm&profession=testPrommmm&userDOB=userDOBmmmm&userID=testIDmmm&userLocation=testLocammm&userName=testingmmm&token=eyJhbGciOiJSUzI1NiIsImtpZCI6ImYxZDU2YTI1MWU0ZGRhM2Y0NWM0MWZkNWQ0ZGEwMWQyYjlkNzJlMGQiLCJ0eXAiOiJKV1QifQ.eyJpc3MiOiJodHRwczovL3NlY3VyZXRva2VuLmdvb2dsZS5jb20vaGVhbHRoc2NvcmUtNGZjZGYiLCJhdWQiOiJoZWFsdGhzY29yZS00ZmNkZiIsImF1dGhfdGltZSI6MTY0NzQ1MDQ4MSwidXNlcl9pZCI6ImhRM3RkeUZmUldkU1JVRDNqU1RtUG82SnBIdTEiLCJzdWIiOiJoUTN0ZHlGZlJXZFNSVUQzalNUbVBvNkpwSHUxIiwiaWF0IjoxNjQ3NDUwNDg2LCJleHAiOjE2NDc0NTQwODYsInBob25lX251bWJlciI6Iis5MTkwNDE0MjI2NTIiLCJmaXJlYmFzZSI6eyJpZGVudGl0aWVzIjp7InBob25lIjpbIis5MTkwNDE0MjI2NTIiXX0sInNpZ25faW5fcHJvdmlkZXIiOiJwaG9uZSJ9fQ.IKcQAGYXxmVe5ajDDeifSDxb4dz4kgp8h5h56FWzi8d-03dYlI3BRyxQr_RbuOLJn6N6j2wZOK0AAn9MYU15tzIC6lDKKVEareHODoUvqGNQZXU97Z3nwzP9K0zdc3LSbKdyj0-o6voH1DvOVJkZIN998XnMVhHuoid--cEUgPCWU3yEdaCEABsIyPZPk53qgATqpVtafIZVC4YYRKhSRO5dYQQHGvP3D3JYcl6KNzI7si0oGT9j0C529XR4u1smmtiQOxDrEhTEm8vVlU6-StJ8cNHsWlVtvw_9UBBAytLzv3bH2x9_FbQfHv4CTTDRhoB4oTjcxARLZfx-Ftdn_A&uid=hQ3tdyFfRWdSRUD3jSTmPo6JpHu1"}}
[debug] [2022-03-16T19:45:08.805Z] [runtime-status] [13030] Ephemeral server handling POST request {"metadata":{"emulator":{"name":"functions"},"function":{"name":"us-central1-generateToken"},"extension":{},"message":"[runtime-status] [13030] Ephemeral server handling POST request"}}
[warn] ⚠  functions: The Firebase Authentication emulator is not running, so calls to Firebase Authentication will affect production. {"metadata":{"emulator":{"name":"functions"},"function":{"name":"us-central1-generateToken"},"extension":{},"message":"The Firebase Authentication emulator is not running, so calls to Firebase Authentication will affect production."}}
[debug] [2022-03-16T19:45:08.945Z] [runtime-status] [13030] Ephemeral server survived. {"metadata":{"emulator":{"name":"functions"},"function":{"name":"us-central1-generateToken"},"extension":{},"message":"[runtime-status] [13030] Ephemeral server survived."}}
[info] i  functions: Finished "generateToken" in ~1s {"metadata":{"emulator":{"name":"functions"},"function":{"name":"us-central1-generateToken"},"extension":{},"message":"Finished \"generateToken\" in ~1s"}}
[debug] [2022-03-16T19:45:08.951Z] [worker-us-central1-generateToken-09dd7993-40bf-44c5-a2ab-a8fa202d635b]: IDLE {"metadata":{"emulator":{"name":"functions"},"message":"[worker-us-central1-generateToken-09dd7993-40bf-44c5-a2ab-a8fa202d635b]: IDLE"}}
[debug] [2022-03-16T19:45:08.951Z] [work-queue] {"queueLength":0,"workRunningCount":0}
